0 info it worked if it ends with ok
1 verbose cli [ 'C:\\Program Files (x86)\\nodejs\\node.exe',
1 verbose cli   'C:\\Program Files (x86)\\nodejs\\node_modules\\npm\\bin\\npm-cli.js',
1 verbose cli   'version',
1 verbose cli   'patch' ]
2 info using npm@3.10.10
3 info using node@v6.10.3
4 info git [ 'status', '--porcelain' ]
5 verbose stack Error: Git working directory not clean.
5 verbose stack M .travis.yml
5 verbose stack M dist/custom-elements-polyfill.js
5 verbose stack M dist/custom-elements-polyfill.min.js
5 verbose stack M index.js
5 verbose stack M lib/browser/custom-element-registry.js
5 verbose stack M lib/browser/index.js
5 verbose stack D lib/build.js
5 verbose stack M package.json
5 verbose stack M scripts/build-polyfill.js
5 verbose stack M scripts/build-tests.js
5 verbose stack M test/browser/index.html
5 verbose stack M test/browser/tests.js
5 verbose stack M test/spec-CustomElementRegistry-define.js
5 verbose stack M test/spec-CustomElementRegistry-get.js
5 verbose stack M test/spec-CustomElementRegistry-whenDefined.js
5 verbose stack M test/spec-CustomElementRegistry.js
5 verbose stack M test/spec-window.js
5 verbose stack M test/tests.js
5 verbose stack M test/util.js
5 verbose stack     at C:\Program Files (x86)\nodejs\node_modules\npm\lib\version.js:247:19
5 verbose stack     at C:\Program Files (x86)\nodejs\node_modules\npm\lib\utils\no-progress-while-running.js:21:8
5 verbose stack     at ChildProcess.exithandler (child_process.js:195:7)
5 verbose stack     at emitTwo (events.js:106:13)
5 verbose stack     at ChildProcess.emit (events.js:191:7)
5 verbose stack     at maybeClose (internal/child_process.js:886:16)
5 verbose stack     at Socket.<anonymous> (internal/child_process.js:342:11)
5 verbose stack     at emitOne (events.js:96:13)
5 verbose stack     at Socket.emit (events.js:188:7)
5 verbose stack     at Pipe._handle.close [as _onclose] (net.js:497:12)
6 verbose cwd C:\Users\Jacob\Projects\custom-elements-polyfill
7 error Windows_NT 6.3.9600
8 error argv "C:\\Program Files (x86)\\nodejs\\node.exe" "C:\\Program Files (x86)\\nodejs\\node_modules\\npm\\bin\\npm-cli.js" "version" "patch"
9 error node v6.10.3
10 error npm  v3.10.10
11 error Git working directory not clean.
11 error M .travis.yml
11 error M dist/custom-elements-polyfill.js
11 error M dist/custom-elements-polyfill.min.js
11 error M index.js
11 error M lib/browser/custom-element-registry.js
11 error M lib/browser/index.js
11 error D lib/build.js
11 error M package.json
11 error M scripts/build-polyfill.js
11 error M scripts/build-tests.js
11 error M test/browser/index.html
11 error M test/browser/tests.js
11 error M test/spec-CustomElementRegistry-define.js
11 error M test/spec-CustomElementRegistry-get.js
11 error M test/spec-CustomElementRegistry-whenDefined.js
11 error M test/spec-CustomElementRegistry.js
11 error M test/spec-window.js
11 error M test/tests.js
11 error M test/util.js
12 error If you need help, you may report this error at:
12 error     <https://github.com/npm/npm/issues>
13 verbose exit [ 1, true ]
